<html>
<head>
<title>TestNG:  Test</title>
<link href="../testng.css" rel="stylesheet" type="text/css" />
<link href="../my-testng.css" rel="stylesheet" type="text/css" />

<style type="text/css">
.log { display: none;} 
.stack-trace { display: none;} 
</style>
<script type="text/javascript">
<!--
function flip(e) {
  current = e.style.display;
  if (current == 'block') {
    e.style.display = 'none';
    return 0;
  }
  else {
    e.style.display = 'block';
    return 1;
  }
}

function toggleBox(szDivId, elem, msg1, msg2)
{
  var res = -1;  if (document.getElementById) {
    res = flip(document.getElementById(szDivId));
  }
  else if (document.all) {
    // this is the way old msie versions work
    res = flip(document.all[szDivId]);
  }
  if(elem) {
    if(res == 0) elem.innerHTML = msg1; else elem.innerHTML = msg2;
  }

}

function toggleAllBoxes() {
  if (document.getElementsByTagName) {
    d = document.getElementsByTagName('div');
    for (i = 0; i < d.length; i++) {
      if (d[i].className == 'log') {
        flip(d[i]);
      }
    }
  }
}

// -->
</script>

</head>
<body>
<h2 align='center'>Test</h2><table border='1' align="center">
<tr>
<td>Tests passed/Failed/Skipped:</td><td>4/1/0</td>
</tr><tr>
<td>Started on:</td><td>Mon May 14 11:39:32 IST 2018</td>
</tr>
<tr><td>Total time:</td><td>53 seconds (53566 ms)</td>
</tr><tr>
<td>Included groups:</td><td>sanity </td>
</tr><tr>
<td>Excluded groups:</td><td></td>
</tr>
</table><p/>
<small><i>(Hover the method name to see the test class name)</i></small><p/>
<table width='100%' border='1' class='invocation-failed'>
<tr><td colspan='4' align='center'><b>FAILED TESTS</b></td></tr>
<tr><td><b>Test method</b></td>
<td width="30%"><b>Exception</b></td>
<td width="10%"><b>Time (seconds)</b></td>
<td><b>Instance</b></td>
</tr>
<tr>
<td title='Scenario_Component.Scenario_Login.testValidlogin()'><b>testValidlogin</b><br>Test class: Scenario_Component.Scenario_Login<br>Parameters: {Execute_Flag=Y, TC_ID=GB_07, Username=honeydewz24@rediffmail.com, ScriptName=ValidLogin, Order_Set=1.0, Password=honeydewz123, Expected_Results=honey}</td>
<td><div><pre>java.lang.AssertionError: The following asserts failed:
null
	at Scenario_Component.Scenario_Login.testValidlogin(Scenario_Login.java:78)
... Removed 25 stack frames</pre></div><a href='#' onClick='toggleBox("stack-trace243575009", this, "Click to show all stack frames", "Click to hide stack frames")'>Click to show all stack frames</a>
<div class='stack-trace' id='stack-trace243575009'><pre>java.lang.AssertionError: The following asserts failed:
null
	at org.testng.asserts.SoftAssert.assertAll(SoftAssert.java:37)
	at Scenario_Component.Scenario_Login.testValidlogin(Scenario_Login.java:78)
	at sun.reflect.NativeMethodAccessorImpl.invoke0(Native Method)
	at sun.reflect.NativeMethodAccessorImpl.invoke(Unknown Source)
	at sun.reflect.DelegatingMethodAccessorImpl.invoke(Unknown Source)
	at java.lang.reflect.Method.invoke(Unknown Source)
	at org.testng.internal.MethodInvocationHelper.invokeMethod(MethodInvocationHelper.java:80)
	at org.testng.internal.Invoker.invokeMethod(Invoker.java:714)
	at org.testng.internal.Invoker.invokeTestMethod(Invoker.java:901)
	at org.testng.internal.Invoker.invokeTestMethods(Invoker.java:1231)
	at org.testng.internal.TestMethodWorker.invokeTestMethods(TestMethodWorker.java:127)
	at org.testng.internal.TestMethodWorker.run(TestMethodWorker.java:111)
	at org.testng.TestRunner.privateRun(TestRunner.java:767)
	at org.testng.TestRunner.run(TestRunner.java:617)
	at org.testng.SuiteRunner.runTest(SuiteRunner.java:334)
	at org.testng.SuiteRunner.runSequentially(SuiteRunner.java:329)
	at org.testng.SuiteRunner.privateRun(SuiteRunner.java:291)
	at org.testng.SuiteRunner.run(SuiteRunner.java:240)
	at org.testng.SuiteRunnerWorker.runSuite(SuiteRunnerWorker.java:52)
	at org.testng.SuiteRunnerWorker.run(SuiteRunnerWorker.java:86)
	at org.testng.TestNG.runSuitesSequentially(TestNG.java:1198)
	at org.testng.TestNG.runSuitesLocally(TestNG.java:1123)
	at org.testng.TestNG.run(TestNG.java:1031)
	at org.testng.remote.AbstractRemoteTestNG.run(AbstractRemoteTestNG.java:114)
	at org.testng.remote.RemoteTestNG.initAndRun(RemoteTestNG.java:251)
	at org.testng.remote.RemoteTestNG.main(RemoteTestNG.java:77)
</pre></div></td>
<td>4</td>
<td>Scenario_Component.Scenario_Login@401e7803</td></tr>
</table><p>
<table width='100%' border='1' class='invocation-passed'>
<tr><td colspan='4' align='center'><b>PASSED TESTS</b></td></tr>
<tr><td><b>Test method</b></td>
<td width="30%"><b>Exception</b></td>
<td width="10%"><b>Time (seconds)</b></td>
<td><b>Instance</b></td>
</tr>
<tr>
<td title='Scenario_Component.Scenario_Search.testValidSearch()'><b>testValidSearch</b><br>Test class: Scenario_Component.Scenario_Search<br>Parameters: {Execute_Flag=Y, TC_ID=GB_09, Keyword=Ways, ScriptName=ValidSearch, Order_Set=1.0, Expected_Results=Found}</td>
<td></td>
<td>5</td>
<td>Scenario_Component.Scenario_Search@7e0e6aa2</td></tr>
<tr>
<td title='Scenario_Component.Scenario_Search.testValidSearch()'><b>testValidSearch</b><br>Test class: Scenario_Component.Scenario_Search<br>Parameters: {Execute_Flag=Y, TC_ID=GB_10, Keyword=Chandler, ScriptName=ValidSearch, Order_Set=1.0, Expected_Results=Found}</td>
<td></td>
<td>5</td>
<td>Scenario_Component.Scenario_Search@7e0e6aa2</td></tr>
<tr>
<td title='Scenario_Component.Scenario_Search.testValidSearch()'><b>testValidSearch</b><br>Test class: Scenario_Component.Scenario_Search<br>Parameters: {Execute_Flag=Y, TC_ID=GB_11, Keyword=Jaico, ScriptName=ValidSearch, Order_Set=1.0, Expected_Results=Found}</td>
<td></td>
<td>5</td>
<td>Scenario_Component.Scenario_Search@7e0e6aa2</td></tr>
<tr>
<td title='Scenario_Component.Scenario_Login.testValidlogin()'><b>testValidlogin</b><br>Test class: Scenario_Component.Scenario_Login<br>Parameters: {Execute_Flag=Y, TC_ID=GB_07, Username=pranavpante47@gmail.com, ScriptName=ValidLogin, Order_Set=2.0, Password=Pranav@123, Expected_Results=Pranav P}</td>
<td></td>
<td>3</td>
<td>Scenario_Component.Scenario_Login@401e7803</td></tr>
</table><p>
</body>
</html>